Build started 12/13/2016 11:17:00 PM.
     1>Project "C:\Users\Anthony\Documents\GitHub\DAT365-Filter-Design\Builds\VisualStudio2013\High Pass Filter.vcxproj" on node 2 (Build target(s)).
     1>ClCompile:
         C:\Program Files (x86)\Microsoft Visual Studio 12.0\VC\bin\CL.exe /c /I"C:\Program Files (x86)\SDKs\VST3 SDK" /I..\..\JuceLibraryCode /I"..\..\..\..\..\..\..\Program Files (x86)\JUCE\modules" /ZI /nologo /W4 /WX- /MP /Od /Oy- /D _CRT_SECURE_NO_WARNINGS /D WIN32 /D _WINDOWS /D DEBUG /D _DEBUG /D JUCER_VS2013_78A5020=1 /D JUCE_APP_VERSION=1.0.0 /D JUCE_APP_VERSION_HEX=0x10000 /D _WINDLL /Gm- /EHsc /MDd /GS /fp:precise /Zc:wchar_t /Zc:forScope /GR /Fo"Debug\\" /Fd"Debug\\vc120.pdb" /Gd /TP /analyze- /errorReport:prompt ..\..\Source\Biquad.cpp
         Biquad.cpp
     1>c:\users\anthony\documents\github\dat365-filter-design\source\biquad.cpp(41): warning C4244: 'initializing' : conversion from 'const double' to 'float', possible loss of data
     1>c:\users\anthony\documents\github\dat365-filter-design\source\biquad.cpp(42): warning C4244: 'initializing' : conversion from 'const double' to 'float', possible loss of data
     1>c:\users\anthony\documents\github\dat365-filter-design\source\biquad.cpp(44): warning C4244: 'initializing' : conversion from 'const double' to 'float', possible loss of data
     1>c:\users\anthony\documents\github\dat365-filter-design\source\biquad.cpp(45): warning C4244: 'initializing' : conversion from 'const double' to 'float', possible loss of data
     1>c:\users\anthony\documents\github\dat365-filter-design\source\biquad.cpp(54): warning C4244: 'initializing' : conversion from 'const double' to 'const float', possible loss of data
     1>c:\users\anthony\documents\github\dat365-filter-design\source\biquad.cpp(55): warning C4244: '=' : conversion from 'double' to 'float', possible loss of data
     1>c:\users\anthony\documents\github\dat365-filter-design\source\biquad.cpp(43): warning C4189: 'b4' : local variable is initialized but not referenced
       Link:
         C:\Program Files (x86)\Microsoft Visual Studio 12.0\VC\bin\link.exe /ERRORREPORT:PROMPT /OUT:"C:\Users\Anthony\Documents\GitHub\DAT365-Filter-Design\Builds\VisualStudio2013\Debug\\High Pass Filter.dll" /NOLOGO kernel32.lib user32.lib gdi32.lib winspool.lib comdlg32.lib advapi32.lib shell32.lib ole32.lib oleaut32.lib uuid.lib odbc32.lib odbccp32.lib /NODEFAULTLIB:libcmt.lib /NODEFAULTLIB:msvcrt.lib /MANIFEST /MANIFESTUAC:"level='asInvoker' uiAccess='false'" /manifest:embed /DEBUG /PDB:"Debug\\High Pass Filter.pdb" /SUBSYSTEM:WINDOWS /LARGEADDRESSAWARE /TLBID:1 /DYNAMICBASE /NXCOMPAT /IMPLIB:"C:\Users\Anthony\Documents\GitHub\DAT365-Filter-Design\Builds\VisualStudio2013\Debug\High Pass Filter.lib" /MACHINE:X86 /SAFESEH:NO /DLL Debug\resources.res
         Debug\\Biquad.obj
         Debug\\PluginProcessor.obj
         Debug\\PluginEditor.obj
         Debug\\juce_audio_basics.obj
         Debug\\juce_audio_devices.obj
         Debug\\juce_audio_formats.obj
         Debug\\juce_audio_plugin_client_utils.obj
         Debug\\juce_audio_plugin_client_VST2.obj
         Debug\\juce_audio_plugin_client_VST3.obj
         Debug\\juce_audio_processors.obj
         Debug\\juce_audio_utils.obj
         Debug\\juce_core.obj
         Debug\\juce_cryptography.obj
         Debug\\juce_data_structures.obj
         Debug\\juce_events.obj
         Debug\\juce_graphics.obj
         Debug\\juce_gui_basics.obj
         Debug\\juce_gui_extra.obj
         Debug\\juce_opengl.obj
         Debug\\juce_video.obj
         High Pass Filter.vcxproj -> C:\Users\Anthony\Documents\GitHub\DAT365-Filter-Design\Builds\VisualStudio2013\Debug\High Pass Filter.dll
       PostBuildEvent:
         copy /Y "C:\Users\Anthony\Documents\GitHub\DAT365-Filter-Design\Builds\VisualStudio2013\Debug\\High Pass Filter.dll" "C:\Users\Anthony\Documents\GitHub\DAT365-Filter-Design\Builds\VisualStudio2013\Debug\\High Pass Filter.vst3"
         :VCEnd
                 1 file(s) copied.
     1>Done Building Project "C:\Users\Anthony\Documents\GitHub\DAT365-Filter-Design\Builds\VisualStudio2013\High Pass Filter.vcxproj" (Build target(s)).

Build succeeded.

Time Elapsed 00:00:00.60
